<?xml version="1.0" encoding="UTF-8"?>
<testng-results skipped="0" failed="0" total="1" passed="1">
  <reporter-output>
  </reporter-output>
  <suite name="Suite" duration-ms="8591" started-at="2019-03-14T06:47:50Z" finished-at="2019-03-14T06:47:58Z">
    <groups>
    </groups>
    <test name="Test" duration-ms="8591" started-at="2019-03-14T06:47:50Z" finished-at="2019-03-14T06:47:58Z">
      <class name="zhu.helloWord">
        <test-method status="PASS" signature="openfire()[pri:0, instance:zhu.helloWord@445b84c0]" name="openfire" is-config="true" duration-ms="8113" started-at="2019-03-14T14:47:50Z" finished-at="2019-03-14T14:47:58Z">
          <reporter-output>
          </reporter-output>
        </test-method> <!-- openfire -->
        <test-method status="PASS" signature="login()[pri:0, instance:zhu.helloWord@445b84c0]" name="login" duration-ms="460" started-at="2019-03-14T14:47:58Z" finished-at="2019-03-14T14:47:58Z">
          <reporter-output>
          </reporter-output>
        </test-method> <!-- login -->
      </class> <!-- zhu.helloWord -->
    </test> <!-- Test -->
  </suite> <!-- Suite -->
</testng-results>
